Selected GPU: NVIDIA GeForce RTX 3050 Laptop GPU
Initializing G-Buffer (Albedo, Normal, Velocity, Depth)...
Loading Default White Texture...
Texture::load -> imageSize: 4, width: 1, height: 1
Texture::load -> Creating Image...
Texture::load -> Transition Layout (Undefined -> TransferDst)...
Texture::load -> Copy Buffer to Image...
Texture::load -> Transition Layout (TransferDst -> ShaderReadOnly)...
Texture::load -> Create Image View...
Texture::load -> Create Sampler...
Texture::load -> Done!
Building Graphics Pipeline...
Generating Primitive Meshes...
Resources Initialized Successfully!
Initializing ImGui Editor UI...
Initializing Ray Tracer...
Spawning Initial Objects...
Spawned: Cube 0 (Mesh ID: 0)
Spawned: Sphere 1 (Mesh ID: 1)
--- DIAGNOSTIC CHECK ---
Device Address: 0000027A94467CA0
Graphics Queue: 0000027A9700BE50
Present Queue:  0000027A9700BE50
Command Buffer: 0000027A971A16F0
Swapchain:      0000027A996BCF70
G-Buffer FBO:   0000027A99EE7E00
--- ALL SYSTEMS GO ---
